2022-10-18 15:12:51,858 INFO  [Log] Application Opened 
2022-10-18 15:12:57,513 INFO  [Log] Login completed  
2022-10-18 15:12:57,921 INFO  [Log]  Logout completed 
2022-10-18 15:14:02,653 INFO  [Log] Application Opened 
2022-10-18 15:14:06,137 INFO  [Log] Login completed  
2022-10-18 15:14:06,487 INFO  [Log]  Logout completed 
2022-10-18 15:14:17,050 INFO  [Log] Application Opened 
2022-10-18 15:14:22,451 INFO  [Log] Login completed  
2022-10-18 15:14:22,724 INFO  [Log]  Enter into frame 
2022-10-18 15:14:32,432 INFO  [Log]  Add new emp 
2022-10-18 15:14:32,450 INFO  [Log]  exit from frame 
2022-10-18 15:14:32,645 INFO  [Log]  Logout completed 
2022-10-18 15:16:30,523 INFO  [Log] Application Opened 
2022-10-18 15:16:33,058 INFO  [Log] Login completed  
2022-10-18 15:16:33,439 INFO  [Log]  Logout completed 
2022-10-18 15:16:38,823 INFO  [Log] Application Opened 
2022-10-18 15:16:41,098 INFO  [Log] Login completed  
2022-10-18 15:16:41,295 INFO  [Log]  Enter into frame 
2022-10-18 15:16:45,746 INFO  [Log]  Add new emp 
2022-10-18 15:16:45,759 INFO  [Log]  exit from frame 
2022-10-18 15:16:45,961 INFO  [Log]  Logout completed 
2022-10-18 23:25:15,144 INFO  [Log] Application Opened 
2022-10-18 23:25:24,799 INFO  [Log] Login completed  
2022-10-18 23:25:25,026 INFO  [Log]  Logout completed 
2022-10-18 23:25:38,809 INFO  [Log] Application Opened 
2022-10-18 23:25:44,348 INFO  [Log] Login completed  
2022-10-18 23:25:44,590 INFO  [Log]  Enter into frame 
2022-10-18 23:25:55,667 INFO  [Log]  Add new emp 
2022-10-18 23:25:55,702 INFO  [Log]  exit from frame 
2022-10-18 23:25:56,027 INFO  [Log]  Logout completed 
2022-10-19 00:02:33,396 INFO  [Log] Application Opened 
2022-10-19 00:02:42,068 INFO  [Log] Login completed  
2022-10-19 00:02:42,308 INFO  [Log]  Logout completed 
2022-10-19 00:02:48,413 INFO  [Log] Application Opened 
2022-10-19 00:02:50,974 INFO  [Log] Login completed  
2022-10-19 00:02:51,200 INFO  [Log]  Enter into frame 
2022-10-19 00:02:56,094 INFO  [Log]  Add new emp 
2022-10-19 00:02:56,107 INFO  [Log]  exit from frame 
2022-10-19 00:02:56,295 INFO  [Log]  Logout completed 
2022-10-20 12:15:42,373 INFO  [Log] Application Opened 
2022-10-20 12:15:53,051 INFO  [Log] Login completed  
2022-10-20 12:15:53,566 INFO  [Log]  Enter into frame 
2022-10-20 12:16:02,496 INFO  [Log]  Add new emp 
2022-10-20 12:16:02,511 INFO  [Log]  exit from frame 
2022-10-20 12:16:02,716 INFO  [Log]  Logout completed 
2022-10-20 12:22:05,159 INFO  [Log] Application Opened 
2022-10-20 12:22:07,933 INFO  [Log] Login completed  
2022-10-20 12:22:08,344 INFO  [Log]  Logout completed 
2022-10-20 12:22:19,179 INFO  [Log] Application Opened 
2022-10-20 12:22:21,928 INFO  [Log] Login completed  
2022-10-20 12:22:22,135 INFO  [Log]  Enter into frame 
2022-10-20 12:22:30,822 INFO  [Log]  Add new emp 
2022-10-20 12:22:30,840 INFO  [Log]  exit from frame 
2022-10-20 12:22:31,063 INFO  [Log]  Logout completed 
2022-10-21 10:54:06,752 INFO  [Log] Application Opened 
2022-10-21 10:54:13,173 INFO  [Log] Login completed  
2022-10-21 10:54:13,478 INFO  [Log]  Logout completed 
2022-10-21 10:54:31,478 INFO  [Log] Application Opened 
2022-10-21 10:54:35,436 INFO  [Log] Login completed  
2022-10-21 10:54:35,773 INFO  [Log]  Enter into frame 
2022-10-21 10:54:48,380 INFO  [Log]  Add new emp 
2022-10-21 10:54:48,395 INFO  [Log]  exit from frame 
2022-10-21 10:54:48,624 INFO  [Log]  Logout completed 
